[0m00:43:57.813515 [debug] [MainThread]: Sending event: {'category': 'dbt', 'action': 'invocation', 'label': 'start', 'context': [<snowplow_tracker.self_describing_json.SelfDescribingJson object at 0x1129b76b0>, <snowplow_tracker.self_describing_json.SelfDescribingJson object at 0x112f14920>, <snowplow_tracker.self_describing_json.SelfDescribingJson object at 0x112f145c0>]}


============================== 00:43:57.878064 | ae827ed9-f3fd-4375-b9b0-3ff9571a3b94 ==============================
[0m00:43:57.878064 [info ] [MainThread]: Running with dbt=1.11.2
[0m00:43:57.879288 [debug] [MainThread]: running dbt with arguments {'target_path': 'None', 'no_print': 'None', 'log_cache_events': 'False', 'warn_error_options': 'WarnErrorOptionsV2(error=[], warn=[], silence=[])', 'fail_fast': 'False', 'invocation_command': 'dbt init', 'use_experimental_parser': 'False', 'version_check': 'True', 'cache_selected_only': 'False', 'empty': 'None', 'introspect': 'True', 'warn_error': 'None', 'send_anonymous_usage_stats': 'True', 'indirect_selection': 'eager', 'static_parser': 'True', 'log_path': 'logs', 'profiles_dir': '/Users/bloomsfieldparbey/.dbt', 'log_format': 'default', 'write_json': 'True', 'quiet': 'False', 'use_colors': 'True', 'debug': 'False', 'partial_parse': 'True', 'printer_width': '80'}
[0m00:44:55.210688 [debug] [MainThread]: Starter project path: /Users/bloomsfieldparbey/Documents/aws_dbt_snowflake_project/.venv/lib/python3.12/site-packages/dbt/include/starter_project
[0m00:44:55.244541 [info ] [MainThread]: 
Your new dbt project "snowflake_aws_dbt_project" was created!

For more information on how to configure the profiles.yml file,
please consult the dbt documentation here:

  https://docs.getdbt.com/docs/configure-your-profile

One more thing:

Need help? Don't hesitate to reach out to us via GitHub issues or on Slack:

  https://community.getdbt.com/

Happy modeling!

[0m00:44:55.245692 [info ] [MainThread]: Setting up your profile.
[0m00:46:22.876656 [debug] [MainThread]: Snowflake adapter: Setting snowflake.connector to ERROR (file logging only)
[0m00:46:22.877704 [debug] [MainThread]: Snowflake adapter: Setting botocore to ERROR (file logging only)
[0m00:46:22.878193 [debug] [MainThread]: Snowflake adapter: Setting boto3 to ERROR (file logging only)
[0m00:52:46.543901 [info ] [MainThread]: Profile snowflake_aws_dbt_project written to /Users/bloomsfieldparbey/.dbt/profiles.yml using target's profile_template.yml and your supplied values. Run 'dbt debug' to validate the connection.
[0m00:52:46.843645 [debug] [MainThread]: Resource report: {"command_name": "init", "command_success": true, "command_wall_clock_time": 529.0823, "process_in_blocks": "0", "process_kernel_time": 1.654747, "process_mem_max_rss": "124952576", "process_out_blocks": "0", "process_user_time": 5.561509}
[0m00:52:46.913464 [debug] [MainThread]: Command `dbt init` succeeded at 00:52:46.909194 after 529.17 seconds
[0m00:52:46.921331 [debug] [MainThread]: Sending event: {'category': 'dbt', 'action': 'invocation', 'label': 'end', 'context': [<snowplow_tracker.self_describing_json.SelfDescribingJson object at 0x112f148f0>, <snowplow_tracker.self_describing_json.SelfDescribingJson object at 0x1124bfaa0>, <snowplow_tracker.self_describing_json.SelfDescribingJson object at 0x1133f1dc0>]}
[0m00:52:46.944042 [debug] [MainThread]: Flushing usage events
[0m00:52:47.528619 [debug] [MainThread]: An error was encountered while trying to flush usage events
[0m00:53:27.134604 [debug] [MainThread]: Sending event: {'category': 'dbt', 'action': 'invocation', 'label': 'start', 'context': [<snowplow_tracker.self_describing_json.SelfDescribingJson object at 0x10be624b0>, <snowplow_tracker.self_describing_json.SelfDescribingJson object at 0x10c544110>, <snowplow_tracker.self_describing_json.SelfDescribingJson object at 0x10c5449e0>]}


============================== 00:53:27.149640 | 1c21d188-abaa-4e6e-a7a9-379fa2df1213 ==============================
[0m00:53:27.149640 [info ] [MainThread]: Running with dbt=1.11.2
[0m00:53:27.150844 [debug] [MainThread]: running dbt with arguments {'version_check': 'True', 'empty': 'None', 'target_path': 'None', 'printer_width': '80', 'fail_fast': 'False', 'warn_error': 'None', 'log_cache_events': 'False', 'warn_error_options': 'WarnErrorOptionsV2(error=[], warn=[], silence=[])', 'use_colors': 'True', 'log_path': 'logs', 'static_parser': 'True', 'cache_selected_only': 'False', 'partial_parse': 'True', 'use_experimental_parser': 'False', 'debug': 'False', 'invocation_command': 'dbt debug', 'profiles_dir': '/Users/bloomsfieldparbey/.dbt', 'write_json': 'True', 'send_anonymous_usage_stats': 'True', 'quiet': 'False', 'introspect': 'True', 'no_print': 'None', 'indirect_selection': 'eager', 'log_format': 'default'}
[0m00:53:27.223662 [info ] [MainThread]: dbt version: 1.11.2
[0m00:53:27.224387 [info ] [MainThread]: python version: 3.12.0
[0m00:53:27.224994 [info ] [MainThread]: python path: /Users/bloomsfieldparbey/Documents/aws_dbt_snowflake_project/.venv/bin/python3
[0m00:53:27.225589 [info ] [MainThread]: os info: macOS-13.7.8-x86_64-i386-64bit
[0m00:53:28.146344 [debug] [MainThread]: Snowflake adapter: Setting snowflake.connector to ERROR (file logging only)
[0m00:53:28.147174 [debug] [MainThread]: Snowflake adapter: Setting botocore to ERROR (file logging only)
[0m00:53:28.147681 [debug] [MainThread]: Snowflake adapter: Setting boto3 to ERROR (file logging only)
[0m00:53:28.257522 [info ] [MainThread]: Using profiles dir at /Users/bloomsfieldparbey/.dbt
[0m00:53:28.258108 [info ] [MainThread]: Using profiles.yml file at /Users/bloomsfieldparbey/.dbt/profiles.yml
[0m00:53:28.258824 [info ] [MainThread]: Using dbt_project.yml file at /Users/bloomsfieldparbey/Documents/aws_dbt_snowflake_project/dbt_project.yml
[0m00:53:28.259478 [error] [MainThread]: Encountered an error:
Internal Error
  Profile should not be None if loading profile completed
[0m00:53:28.261204 [debug] [MainThread]: Resource report: {"command_name": "debug", "command_success": false, "command_wall_clock_time": 1.2422416, "process_in_blocks": "0", "process_kernel_time": 0.805177, "process_mem_max_rss": "119947264", "process_out_blocks": "0", "process_user_time": 2.781575}
[0m00:53:28.262179 [debug] [MainThread]: Command `dbt debug` failed at 00:53:28.262037 after 1.24 seconds
[0m00:53:28.262662 [debug] [MainThread]: Sending event: {'category': 'dbt', 'action': 'invocation', 'label': 'end', 'context': [<snowplow_tracker.self_describing_json.SelfDescribingJson object at 0x10c4b5370>, <snowplow_tracker.self_describing_json.SelfDescribingJson object at 0x10c6a5970>, <snowplow_tracker.self_describing_json.SelfDescribingJson object at 0x10d243c20>]}
[0m00:53:28.263150 [debug] [MainThread]: Flushing usage events
[0m00:53:28.492771 [debug] [MainThread]: An error was encountered while trying to flush usage events
[0m01:05:27.298711 [debug] [MainThread]: Sending event: {'category': 'dbt', 'action': 'invocation', 'label': 'start', 'context': [<snowplow_tracker.self_describing_json.SelfDescribingJson object at 0x110c0ffe0>, <snowplow_tracker.self_describing_json.SelfDescribingJson object at 0x1119c8b00>, <snowplow_tracker.self_describing_json.SelfDescribingJson object at 0x1119c87d0>]}


============================== 01:05:27.314911 | 06f5b82e-e6ad-4879-8b81-c0290a1270d4 ==============================
[0m01:05:27.314911 [info ] [MainThread]: Running with dbt=1.11.2
[0m01:05:27.316236 [debug] [MainThread]: running dbt with arguments {'use_colors': 'True', 'quiet': 'False', 'log_cache_events': 'False', 'warn_error': 'None', 'warn_error_options': 'WarnErrorOptionsV2(error=[], warn=[], silence=[])', 'log_format': 'default', 'profiles_dir': '/Users/bloomsfieldparbey/.dbt', 'no_print': 'None', 'version_check': 'True', 'log_path': 'logs', 'printer_width': '80', 'introspect': 'True', 'send_anonymous_usage_stats': 'True', 'target_path': 'None', 'invocation_command': 'dbt debug --profile snowflake_aws_dbt_project --target dev', 'fail_fast': 'False', 'write_json': 'True', 'static_parser': 'True', 'debug': 'False', 'empty': 'None', 'indirect_selection': 'eager', 'cache_selected_only': 'False', 'use_experimental_parser': 'False', 'partial_parse': 'True'}
[0m01:05:27.361535 [info ] [MainThread]: dbt version: 1.11.2
[0m01:05:27.362134 [info ] [MainThread]: python version: 3.12.0
[0m01:05:27.362667 [info ] [MainThread]: python path: /Users/bloomsfieldparbey/Documents/aws_dbt_snowflake_project/.venv/bin/python3
[0m01:05:27.363310 [info ] [MainThread]: os info: macOS-13.7.8-x86_64-i386-64bit
[0m01:05:28.491391 [debug] [MainThread]: Snowflake adapter: Setting snowflake.connector to ERROR (file logging only)
[0m01:05:28.492226 [debug] [MainThread]: Snowflake adapter: Setting botocore to ERROR (file logging only)
[0m01:05:28.492750 [debug] [MainThread]: Snowflake adapter: Setting boto3 to ERROR (file logging only)
[0m01:05:28.599554 [info ] [MainThread]: Using profiles dir at /Users/bloomsfieldparbey/.dbt
[0m01:05:28.600142 [info ] [MainThread]: Using profiles.yml file at /Users/bloomsfieldparbey/.dbt/profiles.yml
[0m01:05:28.600588 [info ] [MainThread]: Using dbt_project.yml file at /Users/bloomsfieldparbey/Documents/aws_dbt_snowflake_project/dbt_project.yml
[0m01:05:28.614989 [info ] [MainThread]: adapter type: snowflake
[0m01:05:28.616558 [info ] [MainThread]: adapter version: 1.11.1
[0m01:05:28.618149 [info ] [MainThread]: Configuration:
[0m01:05:28.618729 [info ] [MainThread]:   profiles.yml file [[32mOK found and valid[0m]
[0m01:05:28.619223 [info ] [MainThread]:   dbt_project.yml file [[31mERROR not found[0m]
[0m01:05:28.619704 [info ] [MainThread]: Required dependencies:
[0m01:05:28.620287 [debug] [MainThread]: Executing "git --help"
[0m01:05:28.691650 [debug] [MainThread]: STDOUT: "b"usage: git [-v | --version] [-h | --help] [-C <path>] [-c <name>=<value>]\n           [--exec-path[=<path>]] [--html-path] [--man-path] [--info-path]\n           [-p | --paginate | -P | --no-pager] [--no-replace-objects] [--no-lazy-fetch]\n           [--no-optional-locks] [--no-advice] [--bare] [--git-dir=<path>]\n           [--work-tree=<path>] [--namespace=<name>] [--config-env=<name>=<envvar>]\n           <command> [<args>]\n\nThese are common Git commands used in various situations:\n\nstart a working area (see also: git help tutorial)\n   clone      Clone a repository into a new directory\n   init       Create an empty Git repository or reinitialize an existing one\n\nwork on the current change (see also: git help everyday)\n   add        Add file contents to the index\n   mv         Move or rename a file, a directory, or a symlink\n   restore    Restore working tree files\n   rm         Remove files from the working tree and from the index\n\nexamine the history and state (see also: git help revisions)\n   bisect     Use binary search to find the commit that introduced a bug\n   diff       Show changes between commits, commit and working tree, etc\n   grep       Print lines matching a pattern\n   log        Show commit logs\n   show       Show various types of objects\n   status     Show the working tree status\n\ngrow, mark and tweak your common history\n   backfill   Download missing objects in a partial clone\n   branch     List, create, or delete branches\n   commit     Record changes to the repository\n   merge      Join two or more development histories together\n   rebase     Reapply commits on top of another base tip\n   reset      Reset current HEAD to the specified state\n   switch     Switch branches\n   tag        Create, list, delete or verify tags\n\ncollaborate (see also: git help workflows)\n   fetch      Download objects and refs from another repository\n   pull       Fetch from and integrate with another repository or a local branch\n   push       Update remote refs along with associated objects\n\n'git help -a' and 'git help -g' list available subcommands and some\nconcept guides. See 'git help <command>' or 'git help <concept>'\nto read about a specific subcommand or concept.\nSee 'git help git' for an overview of the system.\n""
[0m01:05:28.693139 [debug] [MainThread]: STDERR: "b''"
[0m01:05:28.693797 [info ] [MainThread]:  - git [[32mOK found[0m]

[0m01:05:28.694485 [info ] [MainThread]: Connection:
[0m01:05:28.695121 [info ] [MainThread]:   account: GJWAYML-ET79855
[0m01:05:28.695606 [info ] [MainThread]:   user: BloomsTech
[0m01:05:28.696253 [info ] [MainThread]:   database: DBT_LEARN
[0m01:05:28.696783 [info ] [MainThread]:   warehouse: COMPUTE_WH
[0m01:05:28.697315 [info ] [MainThread]:   role: ACCOUNTADMIN
[0m01:05:28.697810 [info ] [MainThread]:   schema: dbt_dev
[0m01:05:28.698337 [info ] [MainThread]:   authenticator: None
[0m01:05:28.699181 [info ] [MainThread]:   oauth_client_id: None
[0m01:05:28.700459 [info ] [MainThread]:   query_tag: None
[0m01:05:28.701138 [info ] [MainThread]:   client_session_keep_alive: False
[0m01:05:28.701710 [info ] [MainThread]:   host: None
[0m01:05:28.702235 [info ] [MainThread]:   port: None
[0m01:05:28.702705 [info ] [MainThread]:   proxy_host: None
[0m01:05:28.703126 [info ] [MainThread]:   proxy_port: None
[0m01:05:28.703529 [info ] [MainThread]:   protocol: None
[0m01:05:28.704160 [info ] [MainThread]:   connect_retries: 1
[0m01:05:28.704652 [info ] [MainThread]:   connect_timeout: None
[0m01:05:28.705085 [info ] [MainThread]:   retry_on_database_errors: False
[0m01:05:28.705515 [info ] [MainThread]:   retry_all: False
[0m01:05:28.706728 [info ] [MainThread]:   insecure_mode: False
[0m01:05:28.707256 [info ] [MainThread]:   reuse_connections: True
[0m01:05:28.707687 [info ] [MainThread]:   s3_stage_vpce_dns_name: None
[0m01:05:28.708507 [info ] [MainThread]:   platform_detection_timeout_seconds: 0.0
[0m01:05:28.709446 [info ] [MainThread]: Registered adapter: snowflake=1.11.1
[0m01:05:28.995053 [debug] [MainThread]: Acquiring new snowflake connection 'debug'
[0m01:05:29.184054 [debug] [MainThread]: Using snowflake connection "debug"
[0m01:05:29.184733 [debug] [MainThread]: On debug: select 1 as id
[0m01:05:29.185193 [debug] [MainThread]: Opening a new connection, currently in state init
[0m01:05:30.382869 [debug] [MainThread]: SQL status: SUCCESS 1 in 1.198 seconds
[0m01:05:30.384728 [info ] [MainThread]:   Connection test: [[32mOK connection ok[0m]

[0m01:05:30.385548 [info ] [MainThread]: [31m1 check failed:[0m
[0m01:05:30.386504 [info ] [MainThread]: Project loading failed for the following reason:
 project path </Users/bloomsfieldparbey/Documents/aws_dbt_snowflake_project/dbt_project.yml> not found

[0m01:05:30.389962 [debug] [MainThread]: Resource report: {"command_name": "debug", "command_success": false, "command_wall_clock_time": 3.2303774, "process_in_blocks": "0", "process_kernel_time": 1.079407, "process_mem_max_rss": "137809920", "process_out_blocks": "0", "process_user_time": 3.225177}
[0m01:05:30.392032 [debug] [MainThread]: Command `dbt debug` failed at 01:05:30.391686 after 3.23 seconds
[0m01:05:30.393030 [debug] [MainThread]: Connection 'debug' was left open.
[0m01:05:30.394045 [debug] [MainThread]: On debug: Close
[0m01:05:30.578288 [debug] [MainThread]: Sending event: {'category': 'dbt', 'action': 'invocation', 'label': 'end', 'context': [<snowplow_tracker.self_describing_json.SelfDescribingJson object at 0x11202cc20>, <snowplow_tracker.self_describing_json.SelfDescribingJson object at 0x111964740>, <snowplow_tracker.self_describing_json.SelfDescribingJson object at 0x112a29310>]}
[0m01:05:30.579022 [debug] [MainThread]: Flushing usage events
[0m01:05:30.906057 [debug] [MainThread]: An error was encountered while trying to flush usage events
[0m07:05:43.163215 [debug] [MainThread]: Sending event: {'category': 'dbt', 'action': 'invocation', 'label': 'start', 'context': [<snowplow_tracker.self_describing_json.SelfDescribingJson object at 0x104839fa0>, <snowplow_tracker.self_describing_json.SelfDescribingJson object at 0x10509ca70>, <snowplow_tracker.self_describing_json.SelfDescribingJson object at 0x10509c740>]}


============================== 07:05:43.175132 | 1a97e5ad-8960-44b3-8391-7e774ad45fc5 ==============================
[0m07:05:43.175132 [info ] [MainThread]: Running with dbt=1.11.2
[0m07:05:43.176863 [debug] [MainThread]: running dbt with arguments {'introspect': 'True', 'warn_error_options': 'WarnErrorOptionsV2(error=[], warn=[], silence=[])', 'static_parser': 'True', 'warn_error': 'None', 'debug': 'False', 'target_path': 'None', 'indirect_selection': 'eager', 'use_colors': 'True', 'partial_parse': 'True', 'quiet': 'False', 'printer_width': '80', 'invocation_command': 'dbt clean', 'log_format': 'default', 'cache_selected_only': 'False', 'log_path': 'logs', 'fail_fast': 'False', 'empty': 'None', 'send_anonymous_usage_stats': 'True', 'use_experimental_parser': 'False', 'version_check': 'True', 'no_print': 'None', 'profiles_dir': '/Users/bloomsfieldparbey/.dbt', 'log_cache_events': 'False', 'write_json': 'True'}
[0m07:05:43.179318 [error] [MainThread]: Encountered an error:
Runtime Error
  No dbt_project.yml found at expected path /Users/bloomsfieldparbey/Documents/aws_dbt_snowflake_project/dbt_project.yml
  Verify that each entry within packages.yml (and their transitive dependencies) contains a file named dbt_project.yml
  
[0m07:05:43.193750 [debug] [MainThread]: Resource report: {"command_name": "clean", "command_success": false, "command_wall_clock_time": 0.2083117, "process_in_blocks": "0", "process_kernel_time": 0.650487, "process_mem_max_rss": "96518144", "process_out_blocks": "0", "process_user_time": 2.363965}
[0m07:05:43.195331 [debug] [MainThread]: Command `dbt clean` failed at 07:05:43.195111 after 0.21 seconds
[0m07:05:43.196067 [debug] [MainThread]: Sending event: {'category': 'dbt', 'action': 'invocation', 'label': 'end', 'context': [<snowplow_tracker.self_describing_json.SelfDescribingJson object at 0x104eaef00>, <snowplow_tracker.self_describing_json.SelfDescribingJson object at 0x10381b170>, <snowplow_tracker.self_describing_json.SelfDescribingJson object at 0x10509c410>]}
[0m07:05:43.196770 [debug] [MainThread]: Flushing usage events
[0m07:05:43.598702 [debug] [MainThread]: An error was encountered while trying to flush usage events
